{"/Users/hardroid98/Proyectos/accenture/src/reactnative/github/sprint2/domain/usecase/GetSplash.ts": {"path":"/Users/hardroid98/Proyectos/accenture/src/reactnative/github/sprint2/domain/usecase/GetSplash.ts","statementMap":{"0":{"start":{"line":3,"column":0},"end":{"line":3,"column":68}},"1":{"start":{"line":4,"column":0},"end":{"line":4,"column":64}},"2":{"start":{"line":8,"column":16},"end":{"line":8,"column":46}},"3":{"start":{"line":9,"column":16},"end":{"line":9,"column":44}},"4":{"start":{"line":13,"column":28},"end":{"line":13,"column":63}},"5":{"start":{"line":15,"column":8},"end":{"line":24,"column":9}},"6":{"start":{"line":16,"column":12},"end":{"line":23,"column":13}},"7":{"start":{"line":18,"column":20},"end":{"line":18,"column":58}},"8":{"start":{"line":20,"column":20},"end":{"line":20,"column":59}},"9":{"start":{"line":22,"column":20},"end":{"line":22,"column":67}},"10":{"start":{"line":26,"column":31},"end":{"line":28,"column":null}},"11":{"start":{"line":30,"column":8},"end":{"line":30,"column":90}},"12":{"start":{"line":6,"column":0},"end":{"line":6,"column":13}}},"fnMap":{"0":{"name":"(anonymous_0)","decl":{"start":{"line":7,"column":4},"end":{"line":7,"column":null}},"loc":{"start":{"line":9,"column":44},"end":{"line":10,"column":8}}},"1":{"name":"(anonymous_1)","decl":{"start":{"line":12,"column":4},"end":{"line":12,"column":9}},"loc":{"start":{"line":12,"column":17},"end":{"line":31,"column":5}}}},"branchMap":{"0":{"loc":{"start":{"line":15,"column":8},"end":{"line":24,"column":9}},"type":"if","locations":[{"start":{"line":15,"column":8},"end":{"line":24,"column":9}}]},"1":{"loc":{"start":{"line":16,"column":12},"end":{"line":23,"column":13}},"type":"switch","locations":[{"start":{"line":17,"column":16},"end":{"line":18,"column":58}},{"start":{"line":19,"column":16},"end":{"line":20,"column":59}},{"start":{"line":21,"column":16},"end":{"line":22,"column":67}}]},"2":{"loc":{"start":{"line":30,"column":15},"end":{"line":30,"column":89}},"type":"cond-expr","locations":[{"start":{"line":30,"column":32},"end":{"line":30,"column":63}},{"start":{"line":30,"column":66},"end":{"line":30,"column":89}}]}},"s":{"0":2,"1":2,"2":16,"3":16,"4":5,"5":5,"6":3,"7":1,"8":1,"9":1,"10":2,"11":2,"12":2},"f":{"0":16,"1":5},"b":{"0":[3],"1":[1,1,1],"2":[1,1]}}
,"/Users/hardroid98/Proyectos/accenture/src/reactnative/github/sprint2/domain/usecase/GetVersionInfo.ts": {"path":"/Users/hardroid98/Proyectos/accenture/src/reactnative/github/sprint2/domain/usecase/GetVersionInfo.ts","statementMap":{"0":{"start":{"line":3,"column":0},"end":{"line":3,"column":54}},"1":{"start":{"line":4,"column":0},"end":{"line":4,"column":64}},"2":{"start":{"line":8,"column":16},"end":{"line":8,"column":64}},"3":{"start":{"line":9,"column":16},"end":{"line":9,"column":58}},"4":{"start":{"line":13,"column":8},"end":{"line":45,"column":9}},"5":{"start":{"line":14,"column":37},"end":{"line":14,"column":90}},"6":{"start":{"line":15,"column":40},"end":{"line":15,"column":93}},"7":{"start":{"line":17,"column":12},"end":{"line":19,"column":13}},"8":{"start":{"line":18,"column":16},"end":{"line":18,"column":122}},"9":{"start":{"line":21,"column":12},"end":{"line":23,"column":13}},"10":{"start":{"line":22,"column":16},"end":{"line":22,"column":132}},"11":{"start":{"line":25,"column":12},"end":{"line":25,"column":74}},"12":{"start":{"line":27,"column":12},"end":{"line":42,"column":13}},"13":{"start":{"line":28,"column":37},"end":{"line":28,"column":56}},"14":{"start":{"line":30,"column":16},"end":{"line":32,"column":17}},"15":{"start":{"line":31,"column":20},"end":{"line":31,"column":90}},"16":{"start":{"line":33,"column":16},"end":{"line":35,"column":17}},"17":{"start":{"line":34,"column":20},"end":{"line":34,"column":90}},"18":{"start":{"line":36,"column":16},"end":{"line":38,"column":17}},"19":{"start":{"line":37,"column":20},"end":{"line":37,"column":81}},"20":{"start":{"line":39,"column":16},"end":{"line":41,"column":17}},"21":{"start":{"line":40,"column":20},"end":{"line":40,"column":82}},"22":{"start":{"line":44,"column":12},"end":{"line":44,"column":74}},"23":{"start":{"line":49,"column":22},"end":{"line":49,"column":54}},"24":{"start":{"line":50,"column":8},"end":{"line":50,"column":35}},"25":{"start":{"line":6,"column":0},"end":{"line":6,"column":13}}},"fnMap":{"0":{"name":"(anonymous_0)","decl":{"start":{"line":7,"column":4},"end":{"line":7,"column":null}},"loc":{"start":{"line":9,"column":58},"end":{"line":10,"column":8}}},"1":{"name":"(anonymous_1)","decl":{"start":{"line":12,"column":4},"end":{"line":12,"column":9}},"loc":{"start":{"line":12,"column":17},"end":{"line":46,"column":5}}},"2":{"name":"(anonymous_2)","decl":{"start":{"line":48,"column":12},"end":{"line":48,"column":26}},"loc":{"start":{"line":48,"column":42},"end":{"line":51,"column":5}}}},"branchMap":{"0":{"loc":{"start":{"line":17,"column":12},"end":{"line":19,"column":13}},"type":"if","locations":[{"start":{"line":17,"column":12},"end":{"line":19,"column":13}}]},"1":{"loc":{"start":{"line":21,"column":12},"end":{"line":23,"column":13}},"type":"if","locations":[{"start":{"line":21,"column":12},"end":{"line":23,"column":13}}]},"2":{"loc":{"start":{"line":27,"column":12},"end":{"line":42,"column":13}},"type":"if","locations":[{"start":{"line":27,"column":12},"end":{"line":42,"column":13}}]},"3":{"loc":{"start":{"line":28,"column":37},"end":{"line":28,"column":56}},"type":"binary-expr","locations":[{"start":{"line":28,"column":37},"end":{"line":28,"column":50}},{"start":{"line":28,"column":54},"end":{"line":28,"column":56}}]},"4":{"loc":{"start":{"line":30,"column":16},"end":{"line":32,"column":17}},"type":"if","locations":[{"start":{"line":30,"column":16},"end":{"line":32,"column":17}}]},"5":{"loc":{"start":{"line":33,"column":16},"end":{"line":35,"column":17}},"type":"if","locations":[{"start":{"line":33,"column":16},"end":{"line":35,"column":17}}]},"6":{"loc":{"start":{"line":36,"column":16},"end":{"line":38,"column":17}},"type":"if","locations":[{"start":{"line":36,"column":16},"end":{"line":38,"column":17}}]},"7":{"loc":{"start":{"line":39,"column":16},"end":{"line":41,"column":17}},"type":"if","locations":[{"start":{"line":39,"column":16},"end":{"line":41,"column":17}}]}},"s":{"0":3,"1":3,"2":21,"3":21,"4":10,"5":10,"6":10,"7":6,"8":2,"9":4,"10":1,"11":3,"12":7,"13":7,"14":7,"15":2,"16":5,"17":1,"18":4,"19":2,"20":2,"21":2,"22":0,"23":10,"24":10,"25":3},"f":{"0":21,"1":10,"2":10},"b":{"0":[2],"1":[1],"2":[7],"3":[7,0],"4":[2],"5":[1],"6":[2],"7":[2]}}
,"/Users/hardroid98/Proyectos/accenture/src/reactnative/github/sprint2/domain/usecase/IsForceUpdate.ts": {"path":"/Users/hardroid98/Proyectos/accenture/src/reactnative/github/sprint2/domain/usecase/IsForceUpdate.ts","statementMap":{"0":{"start":{"line":6,"column":8},"end":{"line":8,"column":9}},"1":{"start":{"line":7,"column":12},"end":{"line":7,"column":96}},"2":{"start":{"line":10,"column":8},"end":{"line":12,"column":9}},"3":{"start":{"line":11,"column":12},"end":{"line":11,"column":99}},"4":{"start":{"line":16,"column":8},"end":{"line":16,"column":79}},"5":{"start":{"line":20,"column":65},"end":{"line":20,"column":97}},"6":{"start":{"line":21,"column":47},"end":{"line":21,"column":82}},"7":{"start":{"line":23,"column":8},"end":{"line":25,"column":105}},"8":{"start":{"line":29,"column":22},"end":{"line":29,"column":54}},"9":{"start":{"line":30,"column":8},"end":{"line":30,"column":35}},"10":{"start":{"line":4,"column":0},"end":{"line":4,"column":13}}},"fnMap":{"0":{"name":"(anonymous_0)","decl":{"start":{"line":5,"column":4},"end":{"line":5,"column":9}},"loc":{"start":{"line":5,"column":71},"end":{"line":17,"column":5}}},"1":{"name":"(anonymous_1)","decl":{"start":{"line":19,"column":12},"end":{"line":19,"column":31}},"loc":{"start":{"line":19,"column":71},"end":{"line":26,"column":5}}},"2":{"name":"(anonymous_2)","decl":{"start":{"line":28,"column":12},"end":{"line":28,"column":26}},"loc":{"start":{"line":28,"column":42},"end":{"line":31,"column":5}}}},"branchMap":{"0":{"loc":{"start":{"line":6,"column":8},"end":{"line":8,"column":9}},"type":"if","locations":[{"start":{"line":6,"column":8},"end":{"line":8,"column":9}}]},"1":{"loc":{"start":{"line":10,"column":8},"end":{"line":12,"column":9}},"type":"if","locations":[{"start":{"line":10,"column":8},"end":{"line":12,"column":9}}]},"2":{"loc":{"start":{"line":23,"column":15},"end":{"line":25,"column":104}},"type":"binary-expr","locations":[{"start":{"line":23,"column":15},"end":{"line":23,"column":40}},{"start":{"line":24,"column":16},"end":{"line":24,"column":43}},{"start":{"line":24,"column":47},"end":{"line":24,"column":72}},{"start":{"line":25,"column":16},"end":{"line":25,"column":43}},{"start":{"line":25,"column":47},"end":{"line":25,"column":74}},{"start":{"line":25,"column":78},"end":{"line":25,"column":103}}]}},"s":{"0":7,"1":1,"2":6,"3":1,"4":5,"5":5,"6":5,"7":5,"8":13,"9":13,"10":3},"f":{"0":7,"1":5,"2":13},"b":{"0":[1],"1":[1],"2":[5,5,5,3,3,1]}}
,"/Users/hardroid98/Proyectos/accenture/src/reactnative/github/sprint2/presentation/splash/SplashActionType.ts": {"path":"/Users/hardroid98/Proyectos/accenture/src/reactnative/github/sprint2/presentation/splash/SplashActionType.ts","statementMap":{"0":{"start":{"line":1,"column":0},"end":{"line":1,"column":null}},"1":{"start":{"line":2,"column":4},"end":{"line":2,"column":null}},"2":{"start":{"line":3,"column":4},"end":{"line":3,"column":null}},"3":{"start":{"line":4,"column":4},"end":{"line":4,"column":null}},"4":{"start":{"line":5,"column":4},"end":{"line":5,"column":null}},"5":{"start":{"line":6,"column":4},"end":{"line":6,"column":null}},"6":{"start":{"line":7,"column":4},"end":{"line":7,"column":null}},"7":{"start":{"line":8,"column":4},"end":{"line":8,"column":null}}},"fnMap":{"0":{"name":"(anonymous_0)","decl":{"start":{"line":1,"column":0},"end":{"line":1,"column":12}},"loc":{"start":{"line":1,"column":28},"end":{"line":9,"column":3}}}},"branchMap":{"0":{"loc":{"start":{"line":1,"column":12},"end":{"line":1,"column":null}},"type":"binary-expr","locations":[{"start":{"line":1,"column":12},"end":{"line":1,"column":28}},{"start":{"line":1,"column":28},"end":{"line":1,"column":null}}]}},"s":{"0":2,"1":2,"2":2,"3":2,"4":2,"5":2,"6":2,"7":2},"f":{"0":2},"b":{"0":[2,2]}}
,"/Users/hardroid98/Proyectos/accenture/src/reactnative/github/sprint2/presentation/splash/SplashState.ts": {"path":"/Users/hardroid98/Proyectos/accenture/src/reactnative/github/sprint2/presentation/splash/SplashState.ts","statementMap":{"0":{"start":{"line":1,"column":0},"end":{"line":1,"column":null}},"1":{"start":{"line":2,"column":2},"end":{"line":2,"column":null}},"2":{"start":{"line":3,"column":2},"end":{"line":3,"column":null}},"3":{"start":{"line":4,"column":2},"end":{"line":4,"column":null}},"4":{"start":{"line":5,"column":2},"end":{"line":5,"column":null}},"5":{"start":{"line":6,"column":2},"end":{"line":6,"column":null}},"6":{"start":{"line":7,"column":2},"end":{"line":7,"column":null}},"7":{"start":{"line":14,"column":13},"end":{"line":16,"column":2}}},"fnMap":{"0":{"name":"(anonymous_0)","decl":{"start":{"line":1,"column":0},"end":{"line":1,"column":12}},"loc":{"start":{"line":1,"column":24},"end":{"line":8,"column":1}}}},"branchMap":{"0":{"loc":{"start":{"line":1,"column":12},"end":{"line":1,"column":null}},"type":"binary-expr","locations":[{"start":{"line":1,"column":12},"end":{"line":1,"column":24}},{"start":{"line":1,"column":24},"end":{"line":1,"column":null}}]}},"s":{"0":2,"1":2,"2":2,"3":2,"4":2,"5":2,"6":2,"7":2},"f":{"0":2},"b":{"0":[2,2]}}
,"/Users/hardroid98/Proyectos/accenture/src/reactnative/github/sprint2/presentation/splash/SplashViewModel.ts": {"path":"/Users/hardroid98/Proyectos/accenture/src/reactnative/github/sprint2/presentation/splash/SplashViewModel.ts","statementMap":{"0":{"start":{"line":1,"column":0},"end":{"line":1,"column":46}},"1":{"start":{"line":3,"column":0},"end":{"line":3,"column":54}},"2":{"start":{"line":4,"column":0},"end":{"line":4,"column":48}},"3":{"start":{"line":5,"column":0},"end":{"line":5,"column":51}},"4":{"start":{"line":6,"column":0},"end":{"line":6,"column":78}},"5":{"start":{"line":8,"column":34},"end":{"line":51,"column":1}},"6":{"start":{"line":9,"column":28},"end":{"line":9,"column":73}},"7":{"start":{"line":11,"column":2},"end":{"line":47,"column":16}},"8":{"start":{"line":12,"column":25},"end":{"line":44,"column":5}},"9":{"start":{"line":13,"column":8},"end":{"line":13,"column":57}},"10":{"start":{"line":15,"column":8},"end":{"line":43,"column":9}},"11":{"start":{"line":16,"column":31},"end":{"line":16,"column":56}},"12":{"start":{"line":17,"column":12},"end":{"line":17,"column":63}},"13":{"start":{"line":19,"column":12},"end":{"line":38,"column":13}},"14":{"start":{"line":21,"column":20},"end":{"line":21,"column":66}},"15":{"start":{"line":22,"column":20},"end":{"line":22,"column":26}},"16":{"start":{"line":24,"column":20},"end":{"line":24,"column":73}},"17":{"start":{"line":25,"column":20},"end":{"line":25,"column":26}},"18":{"start":{"line":27,"column":20},"end":{"line":27,"column":83}},"19":{"start":{"line":28,"column":20},"end":{"line":28,"column":26}},"20":{"start":{"line":30,"column":20},"end":{"line":30,"column":82}},"21":{"start":{"line":31,"column":20},"end":{"line":31,"column":26}},"22":{"start":{"line":33,"column":20},"end":{"line":33,"column":75}},"23":{"start":{"line":34,"column":20},"end":{"line":34,"column":74}},"24":{"start":{"line":35,"column":20},"end":{"line":35,"column":26}},"25":{"start":{"line":37,"column":20},"end":{"line":37,"column":72}},"26":{"start":{"line":40,"column":12},"end":{"line":40,"column":64}},"27":{"start":{"line":41,"column":12},"end":{"line":41,"column":79}},"28":{"start":{"line":42,"column":12},"end":{"line":42,"column":66}},"29":{"start":{"line":46,"column":4},"end":{"line":46,"column":19}},"30":{"start":{"line":50,"column":2},"end":{"line":50,"column":19}},"31":{"start":{"line":8,"column":13},"end":{"line":8,"column":34}}},"fnMap":{"0":{"name":"(anonymous_0)","decl":{"start":{"line":8,"column":34},"end":{"line":8,"column":35}},"loc":{"start":{"line":8,"column":59},"end":{"line":51,"column":1}}},"1":{"name":"(anonymous_1)","decl":{"start":{"line":11,"column":12},"end":{"line":11,"column":15}},"loc":{"start":{"line":11,"column":17},"end":{"line":47,"column":1}}},"2":{"name":"(anonymous_2)","decl":{"start":{"line":12,"column":25},"end":{"line":12,"column":30}},"loc":{"start":{"line":12,"column":36},"end":{"line":44,"column":5}}}},"branchMap":{"0":{"loc":{"start":{"line":19,"column":12},"end":{"line":38,"column":13}},"type":"switch","locations":[{"start":{"line":20,"column":16},"end":{"line":22,"column":26}},{"start":{"line":23,"column":16},"end":{"line":25,"column":26}},{"start":{"line":26,"column":16},"end":{"line":28,"column":26}},{"start":{"line":29,"column":16},"end":{"line":31,"column":26}},{"start":{"line":32,"column":16},"end":{"line":35,"column":26}},{"start":{"line":36,"column":16},"end":{"line":37,"column":72}}]}},"s":{"0":1,"1":1,"2":1,"3":1,"4":1,"5":1,"6":33,"7":33,"8":11,"9":11,"10":11,"11":11,"12":5,"13":5,"14":1,"15":1,"16":1,"17":1,"18":1,"19":1,"20":2,"21":2,"22":0,"23":0,"24":0,"25":0,"26":6,"27":6,"28":6,"29":11,"30":33,"31":1},"f":{"0":33,"1":11,"2":11},"b":{"0":[1,1,1,2,0,0]}}
,"/Users/hardroid98/Proyectos/accenture/src/reactnative/github/sprint2/presentation/splash/splashReducer.ts": {"path":"/Users/hardroid98/Proyectos/accenture/src/reactnative/github/sprint2/presentation/splash/splashReducer.ts","statementMap":{"0":{"start":{"line":1,"column":0},"end":{"line":1,"column":45}},"1":{"start":{"line":2,"column":0},"end":{"line":2,"column":54}},"2":{"start":{"line":8,"column":34},"end":{"line":10,"column":2}},"3":{"start":{"line":12,"column":29},"end":{"line":32,"column":1}},"4":{"start":{"line":16,"column":4},"end":{"line":31,"column":5}},"5":{"start":{"line":18,"column":12},"end":{"line":18,"column":52}},"6":{"start":{"line":20,"column":12},"end":{"line":20,"column":56}},"7":{"start":{"line":22,"column":12},"end":{"line":22,"column":57}},"8":{"start":{"line":24,"column":12},"end":{"line":24,"column":49}},"9":{"start":{"line":26,"column":12},"end":{"line":26,"column":57}},"10":{"start":{"line":28,"column":12},"end":{"line":28,"column":65}},"11":{"start":{"line":30,"column":12},"end":{"line":30,"column":25}},"12":{"start":{"line":12,"column":13},"end":{"line":12,"column":29}}},"fnMap":{"0":{"name":"(anonymous_0)","decl":{"start":{"line":12,"column":29},"end":{"line":12,"column":null}},"loc":{"start":{"line":15,"column":17},"end":{"line":32,"column":1}}}},"branchMap":{"0":{"loc":{"start":{"line":13,"column":4},"end":{"line":13,"column":37}},"type":"default-arg","locations":[{"start":{"line":13,"column":25},"end":{"line":13,"column":37}}]},"1":{"loc":{"start":{"line":16,"column":4},"end":{"line":31,"column":5}},"type":"switch","locations":[{"start":{"line":17,"column":8},"end":{"line":18,"column":52}},{"start":{"line":19,"column":8},"end":{"line":20,"column":56}},{"start":{"line":21,"column":8},"end":{"line":22,"column":57}},{"start":{"line":23,"column":8},"end":{"line":24,"column":49}},{"start":{"line":25,"column":8},"end":{"line":26,"column":57}},{"start":{"line":27,"column":8},"end":{"line":28,"column":65}},{"start":{"line":29,"column":8},"end":{"line":30,"column":25}}]}},"s":{"0":2,"1":2,"2":2,"3":2,"4":34,"5":12,"6":2,"7":2,"8":2,"9":7,"10":3,"11":6,"12":2},"f":{"0":34},"b":{"0":[0],"1":[12,2,2,2,7,3,6]}}
}
