TN:
SF:domain/usecase/GetSplash.ts
FN:7,(anonymous_0)
FN:12,(anonymous_1)
FNF:2
FNH:2
FNDA:18,(anonymous_0)
FNDA:5,(anonymous_1)
DA:3,2
DA:4,2
DA:6,2
DA:8,18
DA:9,18
DA:13,5
DA:15,5
DA:16,3
DA:18,1
DA:20,1
DA:22,1
DA:26,2
DA:30,2
LF:13
LH:13
BRDA:15,0,0,3
BRDA:16,1,0,1
BRDA:16,1,1,1
BRDA:16,1,2,1
BRDA:30,2,0,1
BRDA:30,2,1,1
BRF:6
BRH:6
end_of_record
TN:
SF:domain/usecase/GetVersionInfo.ts
FN:7,(anonymous_0)
FN:12,(anonymous_1)
FN:48,(anonymous_2)
FNF:3
FNH:3
FNDA:25,(anonymous_0)
FNDA:12,(anonymous_1)
FNDA:10,(anonymous_2)
DA:3,3
DA:4,3
DA:6,3
DA:8,25
DA:9,25
DA:13,12
DA:14,12
DA:15,11
DA:17,6
DA:18,2
DA:21,4
DA:22,1
DA:25,3
DA:27,9
DA:28,9
DA:30,9
DA:31,2
DA:33,7
DA:34,1
DA:36,6
DA:37,2
DA:39,4
DA:40,2
DA:44,2
DA:49,10
DA:50,10
LF:26
LH:26
BRDA:17,0,0,2
BRDA:21,1,0,1
BRDA:27,2,0,9
BRDA:28,3,0,9
BRDA:28,3,1,0
BRDA:30,4,0,2
BRDA:33,5,0,1
BRDA:36,6,0,2
BRDA:39,7,0,2
BRF:9
BRH:8
end_of_record
TN:
SF:domain/usecase/IsForceUpdate.ts
FN:5,(anonymous_0)
FN:17,(anonymous_1)
FN:26,(anonymous_2)
FNF:3
FNH:3
FNDA:7,(anonymous_0)
FNDA:5,(anonymous_1)
FNDA:13,(anonymous_2)
DA:4,3
DA:6,7
DA:7,1
DA:10,6
DA:11,1
DA:14,5
DA:18,5
DA:19,5
DA:21,5
DA:27,13
DA:28,13
LF:11
LH:11
BRDA:6,0,0,1
BRDA:10,1,0,1
BRDA:21,2,0,5
BRDA:21,2,1,5
BRDA:21,2,2,5
BRDA:21,2,3,3
BRDA:21,2,4,3
BRDA:21,2,5,1
BRF:8
BRH:8
end_of_record
TN:
SF:presentation/splash/SplashActionType.ts
FN:1,(anonymous_0)
FNF:1
FNH:1
FNDA:2,(anonymous_0)
DA:1,2
DA:2,2
DA:3,2
DA:4,2
DA:5,2
DA:6,2
DA:7,2
DA:8,2
LF:8
LH:8
BRDA:1,0,0,2
BRDA:1,0,1,2
BRF:2
BRH:2
end_of_record
TN:
SF:presentation/splash/SplashState.ts
FN:1,(anonymous_0)
FNF:1
FNH:1
FNDA:2,(anonymous_0)
DA:1,2
DA:2,2
DA:3,2
DA:4,2
DA:5,2
DA:6,2
DA:7,2
DA:8,2
DA:15,2
LF:9
LH:9
BRDA:1,0,0,2
BRDA:1,0,1,2
BRF:2
BRH:2
end_of_record
TN:
SF:presentation/splash/SplashViewModel.ts
FN:8,(anonymous_0)
FN:11,(anonymous_1)
FN:14,(anonymous_2)
FN:52,(anonymous_3)
FNF:4
FNH:4
FNDA:26,(anonymous_0)
FNDA:13,(anonymous_1)
FNDA:13,(anonymous_2)
FNDA:13,(anonymous_3)
DA:1,1
DA:3,1
DA:4,1
DA:5,1
DA:6,1
DA:8,1
DA:9,26
DA:11,26
DA:12,13
DA:14,13
DA:15,13
DA:17,13
DA:18,13
DA:20,7
DA:21,7
DA:23,7
DA:25,1
DA:26,1
DA:28,1
DA:29,1
DA:31,1
DA:32,1
DA:34,2
DA:35,2
DA:37,0
DA:38,0
DA:40,2
DA:41,2
DA:44,6
DA:45,6
DA:50,13
DA:52,13
DA:53,13
DA:58,26
LF:34
LH:32
BRDA:15,0,0,0
BRDA:20,1,0,0
BRDA:23,2,0,1
BRDA:23,2,1,1
BRDA:23,2,2,1
BRDA:23,2,3,2
BRDA:23,2,4,0
BRDA:23,2,5,2
BRDA:44,3,0,6
BRF:9
BRH:6
end_of_record
TN:
SF:presentation/splash/splashReducer.ts
FN:12,(anonymous_0)
FNF:1
FNH:1
FNDA:26,(anonymous_0)
DA:1,2
DA:2,2
DA:8,2
DA:12,2
DA:16,26
DA:18,1
DA:20,2
DA:22,2
DA:24,2
DA:26,7
DA:28,3
DA:30,2
DA:33,7
LF:13
LH:13
BRDA:13,0,0,0
BRDA:16,1,0,1
BRDA:16,1,1,2
BRDA:16,1,2,2
BRDA:16,1,3,2
BRDA:16,1,4,7
BRDA:16,1,5,3
BRDA:16,1,6,2
BRDA:16,1,7,7
BRF:9
BRH:8
end_of_record
